<?xml version="1.0" encoding="UTF-8"?>
<!-- Generated by org.testng.reporters.JUnitXMLReporter -->
<testsuite ignored="0" hostname="JYOTHI" failures="1" tests="2" name="salesforce on chrome" time="21.399" errors="0" timestamp="18 May 2021 02:08:00 GMT">
  <testcase classname="testcases.VerifyLoginFunctionality" name="VerifyLoginErrorMessage01" time="7.546"/>
  <testcase classname="testcases.VerifyLoginFunctionality" name="VerifyLoginErrorMessage02" time="11.025">
    <failure type="java.lang.AssertionError" message="The following asserts failed:
	expected [Blessings143] but found [],
	expected [null] but found [https://gmail44-dev-ed--c.documentforce.com/secur/contentDoor?startURL=https%3A%2F%2Fgmail44-dev-ed.my.salesforce.com%2Fsetup%2FforcecomHomepage.apexp%3Fsetupid%3DForceCom&amp;amp;sid=00D5e000000IqCh%21AQIAQPLFVCvvMu7l90ytMm0CzEo8QskrVh7yZUCy_9klSQTNGMGZH25x9.1igYdhRpxx2bdxxdevr1nO8H0RFDlAgAfkpp2.&amp;amp;skipRedirect=1&amp;amp;lm=eyJlbmMiOiJBMjU2R0NNIiwiYXVkIjoiMDBENWUwMDAwMDBJcUNoIiwia2lkIjoie1widFwiOlwiMDBENWUwMDAwMDBJcUNoXCIsXCJ2XCI6XCIwMkc1ZTAwMDAwMEhRUXVcIixcImFcIjpcImNvbnRlbnRkb29ydXNlcnRyYW5zaWVudGtleWVuY3J5cHRcIixcInVcIjpcIjAwNTVlMDAwMDAwRmNFTlwifSIsImNyaXQiOlsiaWF0Il0sImlhdCI6MTYyMTMwMzY3NjM1NywiZXhwIjowfQ%3D%3D..vVrPWDRtfOhGwGrX.yw0VCL8zqHk3VgQyNf4-Lg%3D%3D.TpihzNi0yoPyXjJah43-1A%3D%3D]">
      <![CDATA[java.lang.AssertionError: The following asserts failed:
	expected [Blessings143] but found [],
	expected [null] but found [https://gmail44-dev-ed--c.documentforce.com/secur/contentDoor?startURL=https%3A%2F%2Fgmail44-dev-ed.my.salesforce.com%2Fsetup%2FforcecomHomepage.apexp%3Fsetupid%3DForceCom&sid=00D5e000000IqCh%21AQIAQPLFVCvvMu7l90ytMm0CzEo8QskrVh7yZUCy_9klSQTNGMGZH25x9.1igYdhRpxx2bdxxdevr1nO8H0RFDlAgAfkpp2.&skipRedirect=1&lm=eyJlbmMiOiJBMjU2R0NNIiwiYXVkIjoiMDBENWUwMDAwMDBJcUNoIiwia2lkIjoie1widFwiOlwiMDBENWUwMDAwMDBJcUNoXCIsXCJ2XCI6XCIwMkc1ZTAwMDAwMEhRUXVcIixcImFcIjpcImNvbnRlbnRkb29ydXNlcnRyYW5zaWVudGtleWVuY3J5cHRcIixcInVcIjpcIjAwNTVlMDAwMDAwRmNFTlwifSIsImNyaXQiOlsiaWF0Il0sImlhdCI6MTYyMTMwMzY3NjM1NywiZXhwIjowfQ%3D%3D..vVrPWDRtfOhGwGrX.yw0VCL8zqHk3VgQyNf4-Lg%3D%3D.TpihzNi0yoPyXjJah43-1A%3D%3D]
	at testcases.VerifyLoginFunctionality.VerifyLoginErrorMessage02(VerifyLoginFunctionality.java:148)
... Removed 26 stack frames]]>
    </failure>
  </testcase> <!-- VerifyLoginErrorMessage02 -->
</testsuite> <!-- salesforce on chrome -->
