<?xml version="1.0" encoding="UTF-8"?>
<!-- Generated by org.testng.reporters.JUnitXMLReporter -->
<testsuite ignored="0" hostname="JYOTHI" failures="1" tests="2" name="salesforce on firefox" time="22.617" errors="0" timestamp="18 May 2021 02:08:22 GMT">
  <testcase classname="testcases.VerifyLoginFunctionality" name="VerifyLoginErrorMessage01" time="9.197"/>
  <testcase classname="testcases.VerifyLoginFunctionality" name="VerifyLoginErrorMessage02" time="9.729">
    <failure type="java.lang.AssertionError" message="The following asserts failed:
	expected [Blessings143] but found [],
	expected [null] but found [https://gmail44-dev-ed--c.documentforce.com/secur/contentDoor?startURL=https%3A%2F%2Fgmail44-dev-ed.my.salesforce.com%2Fsetup%2FforcecomHomepage.apexp%3Fsetupid%3DForceCom&amp;amp;sid=00D5e000000IqCh%21AQIAQFNkfoQuF7jMsXNgUOaOT_LHOprEKXxjw3bx8LAefQz_3CVAbH.yo1r8F4Tr5zBX6GG0cquyiRPD3IM7rG8Ik82pbEZL&amp;amp;skipRedirect=1&amp;amp;lm=eyJlbmMiOiJBMjU2R0NNIiwiYXVkIjoiMDBENWUwMDAwMDBJcUNoIiwia2lkIjoie1widFwiOlwiMDBENWUwMDAwMDBJcUNoXCIsXCJ2XCI6XCIwMkc1ZTAwMDAwMEhRUXVcIixcImFcIjpcImNvbnRlbnRkb29ydXNlcnRyYW5zaWVudGtleWVuY3J5cHRcIixcInVcIjpcIjAwNTVlMDAwMDAwRmNFTlwifSIsImNyaXQiOlsiaWF0Il0sImlhdCI6MTYyMTMwMzcwMTMyMSwiZXhwIjowfQ%3D%3D..bLcMV51mfkKrE2S-.PCMc79jl6-xfd-jQfdE98g%3D%3D.NvZPpcU2WCeKcygBDPERYg%3D%3D]">
      <![CDATA[java.lang.AssertionError: The following asserts failed:
	expected [Blessings143] but found [],
	expected [null] but found [https://gmail44-dev-ed--c.documentforce.com/secur/contentDoor?startURL=https%3A%2F%2Fgmail44-dev-ed.my.salesforce.com%2Fsetup%2FforcecomHomepage.apexp%3Fsetupid%3DForceCom&sid=00D5e000000IqCh%21AQIAQFNkfoQuF7jMsXNgUOaOT_LHOprEKXxjw3bx8LAefQz_3CVAbH.yo1r8F4Tr5zBX6GG0cquyiRPD3IM7rG8Ik82pbEZL&skipRedirect=1&lm=eyJlbmMiOiJBMjU2R0NNIiwiYXVkIjoiMDBENWUwMDAwMDBJcUNoIiwia2lkIjoie1widFwiOlwiMDBENWUwMDAwMDBJcUNoXCIsXCJ2XCI6XCIwMkc1ZTAwMDAwMEhRUXVcIixcImFcIjpcImNvbnRlbnRkb29ydXNlcnRyYW5zaWVudGtleWVuY3J5cHRcIixcInVcIjpcIjAwNTVlMDAwMDAwRmNFTlwifSIsImNyaXQiOlsiaWF0Il0sImlhdCI6MTYyMTMwMzcwMTMyMSwiZXhwIjowfQ%3D%3D..bLcMV51mfkKrE2S-.PCMc79jl6-xfd-jQfdE98g%3D%3D.NvZPpcU2WCeKcygBDPERYg%3D%3D]
	at testcases.VerifyLoginFunctionality.VerifyLoginErrorMessage02(VerifyLoginFunctionality.java:148)
... Removed 26 stack frames]]>
    </failure>
  </testcase> <!-- VerifyLoginErrorMessage02 -->
</testsuite> <!-- salesforce on firefox -->
