<?xml version="1.0" encoding="UTF-8"?>
<!-- Generated by org.testng.reporters.JUnitReportReporter -->
<testsuite ignored="0" hostname="JYOTHI" failures="0" tests="1" name="testcases.DateTimePicker" time="5.105" errors="1" timestamp="19 Jul 2021 15:12:20 GMT" skipped="0">
  <testcase classname="testcases.DateTimePicker" name="dateTimePicker" time="5.105">
    <error message="session not created: This version of ChromeDriver only supports Chrome version 89
Current browser version is 91.0.4472.164 with binary path C:\Program Files (x86)\Google\Chrome\Application\chrome.exe
Build info: version: &#039;3.141.59&#039;, revision: &#039;e82be7d358&#039;, time: &#039;2018-11-14T08:17:03&#039;
System info: host: &#039;JYOTHI&#039;, ip: &#039;192.168.0.8&#039;, os.name: &#039;Windows 10&#039;, os.arch: &#039;amd64&#039;, os.version: &#039;10.0&#039;, java.version: &#039;14.0.1&#039;
Driver info: driver.version: ChromeDriver
remote stacktrace: Backtrace:
	Ordinal0 [0x00B1E7D3+124883]
	Ordinal0 [0x00B1E7B1+124849]
	GetHandleVerifier [0x00D68688+193832]
	GetHandleVerifier [0x00D83AC5+305509]
	GetHandleVerifier [0x00D8021B+291003]
	GetHandleVerifier [0x00D7E0AC+282444]
	GetHandleVerifier [0x00DA4A90+440624]
	GetHandleVerifier [0x00DA47FC+439964]
	GetHandleVerifier [0x00DA154B+426987]
	GetHandleVerifier [0x00D84FFD+310941]
	GetHandleVerifier [0x00D85D8E+314414]
	GetHandleVerifier [0x00D85D19+314297]
	GetHandleVerifier [0x00E431EC+1089676]
	GetHandleVerifier [0x00E417C9+1082985]
	GetHandleVerifier [0x00E413A3+1081923]
	GetHandleVerifier [0x00F3D9FD+2115741]
	Ordinal0 [0x00C6B82E+1488942]
	Ordinal0 [0x00C05A7D+1071741]
	Ordinal0 [0x00C0559B+1070491]
	Ordinal0 [0x00C054B1+1070257]
	Ordinal0 [0x00C3FF53+1310547]
	BaseThreadInitThunk [0x765CFA29+25]
	RtlGetAppContainerNamedObjectPath [0x77B17A7E+286]
	RtlGetAppContainerNamedObjectPath [0x77B17A4E+238]
" type="org.openqa.selenium.SessionNotCreatedException">
      <![CDATA[org.openqa.selenium.SessionNotCreatedException: session not created: This version of ChromeDriver only supports Chrome version 89
Current browser version is 91.0.4472.164 with binary path C:\Program Files (x86)\Google\Chrome\Application\chrome.exe
Build info: version: '3.141.59', revision: 'e82be7d358', time: '2018-11-14T08:17:03'
System info: host: 'JYOTHI', ip: '192.168.0.8', os.name: 'Windows 10', os.arch: 'amd64', os.version: '10.0', java.version: '14.0.1'
Driver info: driver.version: ChromeDriver
remote stacktrace: Backtrace:
	Ordinal0 [0x00B1E7D3+124883]
	Ordinal0 [0x00B1E7B1+124849]
	GetHandleVerifier [0x00D68688+193832]
	GetHandleVerifier [0x00D83AC5+305509]
	GetHandleVerifier [0x00D8021B+291003]
	GetHandleVerifier [0x00D7E0AC+282444]
	GetHandleVerifier [0x00DA4A90+440624]
	GetHandleVerifier [0x00DA47FC+439964]
	GetHandleVerifier [0x00DA154B+426987]
	GetHandleVerifier [0x00D84FFD+310941]
	GetHandleVerifier [0x00D85D8E+314414]
	GetHandleVerifier [0x00D85D19+314297]
	GetHandleVerifier [0x00E431EC+1089676]
	GetHandleVerifier [0x00E417C9+1082985]
	GetHandleVerifier [0x00E413A3+1081923]
	GetHandleVerifier [0x00F3D9FD+2115741]
	Ordinal0 [0x00C6B82E+1488942]
	Ordinal0 [0x00C05A7D+1071741]
	Ordinal0 [0x00C0559B+1070491]
	Ordinal0 [0x00C054B1+1070257]
	Ordinal0 [0x00C3FF53+1310547]
	BaseThreadInitThunk [0x765CFA29+25]
	RtlGetAppContainerNamedObjectPath [0x77B17A7E+286]
	RtlGetAppContainerNamedObjectPath [0x77B17A4E+238]

	at java.base/jdk.internal.reflect.NativeConstructorAccessorImpl.newInstance0(Native Method)
	at java.base/jdk.internal.reflect.NativeConstructorAccessorImpl.newInstance(NativeConstructorAccessorImpl.java:62)
	at java.base/jdk.internal.reflect.DelegatingConstructorAccessorImpl.newInstance(DelegatingConstructorAccessorImpl.java:45)
	at java.base/java.lang.reflect.Constructor.newInstanceWithCaller(Constructor.java:500)
	at java.base/java.lang.reflect.Constructor.newInstance(Constructor.java:481)
	at org.openqa.selenium.remote.W3CHandshakeResponse.lambda$errorHandler$0(W3CHandshakeResponse.java:62)
	at org.openqa.selenium.remote.HandshakeResponse.lambda$getResponseFunction$0(HandshakeResponse.java:30)
	at org.openqa.selenium.remote.ProtocolHandshake.lambda$createSession$0(ProtocolHandshake.java:126)
	at java.base/java.util.stream.ReferencePipeline$3$1.accept(ReferencePipeline.java:195)
	at java.base/java.util.Spliterators$ArraySpliterator.tryAdvance(Spliterators.java:958)
	at java.base/java.util.stream.ReferencePipeline.forEachWithCancel(ReferencePipeline.java:127)
	at java.base/java.util.stream.AbstractPipeline.copyIntoWithCancel(AbstractPipeline.java:502)
	at java.base/java.util.stream.AbstractPipeline.copyInto(AbstractPipeline.java:488)
	at java.base/java.util.stream.AbstractPipeline.wrapAndCopyInto(AbstractPipeline.java:474)
	at java.base/java.util.stream.FindOps$FindOp.evaluateSequential(FindOps.java:150)
	at java.base/java.util.stream.AbstractPipeline.evaluate(AbstractPipeline.java:234)
	at java.base/java.util.stream.ReferencePipeline.findFirst(ReferencePipeline.java:543)
	at org.openqa.selenium.remote.ProtocolHandshake.createSession(ProtocolHandshake.java:128)
	at org.openqa.selenium.remote.ProtocolHandshake.createSession(ProtocolHandshake.java:74)
	at org.openqa.selenium.remote.HttpCommandExecutor.execute(HttpCommandExecutor.java:136)
	at org.openqa.selenium.remote.service.DriverCommandExecutor.execute(DriverCommandExecutor.java:83)
	at org.openqa.selenium.remote.RemoteWebDriver.execute(RemoteWebDriver.java:552)
	at org.openqa.selenium.remote.RemoteWebDriver.startSession(RemoteWebDriver.java:213)
	at org.openqa.selenium.remote.RemoteWebDriver.<init>(RemoteWebDriver.java:131)
	at org.openqa.selenium.chrome.ChromeDriver.<init>(ChromeDriver.java:181)
	at org.openqa.selenium.chrome.ChromeDriver.<init>(ChromeDriver.java:168)
	at org.openqa.selenium.chrome.ChromeDriver.<init>(ChromeDriver.java:123)
	at testcases.DateTimePicker.dateTimePicker(DateTimePicker.java:20)
	at java.base/jdk.internal.reflect.NativeMethodAccessorImpl.invoke0(Native Method)
	at java.base/jdk.internal.reflect.NativeMethodAccessorImpl.invoke(NativeMethodAccessorImpl.java:62)
	at java.base/jdk.internal.reflect.DelegatingMethodAccessorImpl.invoke(DelegatingMethodAccessorImpl.java:43)
	at java.base/java.lang.reflect.Method.invoke(Method.java:564)
	at org.testng.internal.MethodInvocationHelper.invokeMethod(MethodInvocationHelper.java:104)
	at org.testng.internal.Invoker.invokeMethod(Invoker.java:645)
	at org.testng.internal.Invoker.invokeTestMethod(Invoker.java:851)
	at org.testng.internal.Invoker.invokeTestMethods(Invoker.java:1177)
	at org.testng.internal.TestMethodWorker.invokeTestMethods(TestMethodWorker.java:129)
	at org.testng.internal.TestMethodWorker.run(TestMethodWorker.java:112)
	at org.testng.TestRunner.privateRun(TestRunner.java:756)
	at org.testng.TestRunner.run(TestRunner.java:610)
	at org.testng.SuiteRunner.runTest(SuiteRunner.java:387)
	at org.testng.SuiteRunner.runSequentially(SuiteRunner.java:382)
	at org.testng.SuiteRunner.privateRun(SuiteRunner.java:340)
	at org.testng.SuiteRunner.run(SuiteRunner.java:289)
	at org.testng.SuiteRunnerWorker.runSuite(SuiteRunnerWorker.java:52)
	at org.testng.SuiteRunnerWorker.run(SuiteRunnerWorker.java:86)
	at org.testng.TestNG.runSuitesSequentially(TestNG.java:1293)
	at org.testng.TestNG.runSuitesLocally(TestNG.java:1218)
	at org.testng.TestNG.runSuites(TestNG.java:1133)
	at org.testng.TestNG.run(TestNG.java:1104)
	at org.testng.remote.AbstractRemoteTestNG.run(AbstractRemoteTestNG.java:115)
	at org.testng.remote.RemoteTestNG.initAndRun(RemoteTestNG.java:251)
	at org.testng.remote.RemoteTestNG.main(RemoteTestNG.java:77)
]]>
    </error>
  </testcase> <!-- dateTimePicker -->
</testsuite> <!-- testcases.DateTimePicker -->
